;  LST file generated by mikroListExporter - v.2.0 
; Date/Time: 7/6/2014 11:41:30 AM
;----------------------------------------------

;Address Opcode 	ASM
0x0000	0x29FA      	GOTO       506
_Delay_10us:
;__Lib_Delays.c,11 :: 		void Delay_10us() {
;__Lib_Delays.c,12 :: 		Delay_us(10);
0x0003	0x300D      	MOVLW      13
0x0004	0x00FD      	MOVWF      R13
L_Delay_10us0:
0x0005	0x0BFD      	DECFSZ     R13, 1
0x0006	0x2805      	GOTO       L_Delay_10us0
;__Lib_Delays.c,13 :: 		}
L_end_Delay_10us:
0x0007	0x0008      	RETURN
; end of _Delay_10us
___CC2DW:
;__Lib_System.c,71 :: 		
;__Lib_System.c,73 :: 		
_CC2DL_Loop1:
;__Lib_System.c,74 :: 		
0x0008	0x0012      	MOVIW      INDF0++ 
;__Lib_System.c,75 :: 		
0x0009	0x001E      	MOVWI      INDF1++ 
;__Lib_System.c,76 :: 		
0x000A	0x03F0      	DECF       R0, 1
;__Lib_System.c,77 :: 		
0x000B	0x1D03      	BTFSS      STATUS, 2
;__Lib_System.c,78 :: 		
0x000C	0x2808      	GOTO       _CC2DL_Loop1
;__Lib_System.c,79 :: 		
0x000D	0x03F1      	DECF       R1, 1
;__Lib_System.c,80 :: 		
0x000E	0x1D03      	BTFSS      STATUS, 2
;__Lib_System.c,81 :: 		
0x000F	0x2808      	GOTO       _CC2DL_Loop1
;__Lib_System.c,83 :: 		
L_end___CC2DW:
0x0010	0x0008      	RETURN
; end of ___CC2DW
_myADC:
;dial-indicator.c,18 :: 		unsigned int myADC(unsigned short pin){
;dial-indicator.c,22 :: 		if (pin == 0){
0x0011	0x0020      	MOVLB      0
0x0012	0x0837      	MOVF       FARG_myADC_pin, 0
0x0013	0x3A00      	XORLW      0
0x0014	0x1D03      	BTFSS      STATUS, 2
0x0015	0x281A      	GOTO       L_myADC5
;dial-indicator.c,23 :: 		ADCON0 = ADCON0 & 0b10000011;            //CHS<4:0>: Analog Channel Select bits, 00000 = AN0
0x0016	0x3083      	MOVLW      131
0x0017	0x0021      	MOVLB      1
0x0018	0x059D      	ANDWF      ADCON0, 1
;dial-indicator.c,24 :: 		}
0x0019	0x2823      	GOTO       L_myADC6
L_myADC5:
;dial-indicator.c,25 :: 		else if (pin == 1){
0x001A	0x0020      	MOVLB      0
0x001B	0x0837      	MOVF       FARG_myADC_pin, 0
0x001C	0x3A01      	XORLW      1
0x001D	0x1D03      	BTFSS      STATUS, 2
0x001E	0x2823      	GOTO       L_myADC7
;dial-indicator.c,26 :: 		ADCON0 = ADCON0 & 0b10000111;            //CHS<4:0>: Analog Channel Select bits, 00001 = AN1
0x001F	0x3087      	MOVLW      135
0x0020	0x0021      	MOVLB      1
0x0021	0x059D      	ANDWF      ADCON0, 1
;dial-indicator.c,27 :: 		ADCON0 = ADCON0 | 0b00000100;
0x0022	0x151D      	BSF        ADCON0, 2
;dial-indicator.c,28 :: 		}
L_myADC7:
L_myADC6:
0x0023	0x0021      	MOVLB      1
;dial-indicator.c,31 :: 		Delay_10us();
0x0024	0x2003      	CALL       _Delay_10us
;dial-indicator.c,34 :: 		ADCON0.GO_NOT_DONE=1;  //GO/DONE: A/D Conversion Status bit, 1 = A/D conversion cycle in progress. Setting this bit starts an A/D conversion cycle. This bit is automatically cleared by hardware when the A/D conversion has completed.
0x0025	0x149D      	BSF        ADCON0, 1
;dial-indicator.c,37 :: 		while(ADCON0.GO_NOT_DONE);
L_myADC8:
0x0026	0x1C9D      	BTFSS      ADCON0, 1
0x0027	0x2829      	GOTO       L_myADC9
0x0028	0x2826      	GOTO       L_myADC8
L_myADC9:
;dial-indicator.c,40 :: 		adc_data=ADRESH;
0x0029	0x081C      	MOVF       ADRESH, 0
0x002A	0x0020      	MOVLB      0
0x002B	0x00B8      	MOVWF      myADC_adc_data_L0
0x002C	0x01B9      	CLRF       myADC_adc_data_L0+1
;dial-indicator.c,42 :: 		return adc_data;
0x002D	0x0838      	MOVF       myADC_adc_data_L0, 0
0x002E	0x00F0      	MOVWF      R0
0x002F	0x0839      	MOVF       myADC_adc_data_L0+1, 0
0x0030	0x00F1      	MOVWF      R1
;dial-indicator.c,43 :: 		}
L_end_myADC:
0x0031	0x0008      	RETURN
; end of _myADC
_sendChar:
;dial-indicator.c,11 :: 		void sendChar(unsigned char dataout){
;dial-indicator.c,12 :: 		Delay_us(52);
0x0032	0x3045      	MOVLW      69
0x0033	0x00FD      	MOVWF      R13
L_sendChar0:
0x0034	0x0BFD      	DECFSZ     R13, 1
0x0035	0x2834      	GOTO       L_sendChar0
;dial-indicator.c,13 :: 		TXREG=dataout;
0x0036	0x0020      	MOVLB      0
0x0037	0x0837      	MOVF       FARG_sendChar_dataout, 0
0x0038	0x0023      	MOVLB      3
0x0039	0x009A      	MOVWF      TXREG
;dial-indicator.c,14 :: 		while(TXSTA.TRMT);
L_sendChar1:
0x003A	0x1C9E      	BTFSS      TXSTA, 1
0x003B	0x283D      	GOTO       L_sendChar2
0x003C	0x283A      	GOTO       L_sendChar1
L_sendChar2:
;dial-indicator.c,15 :: 		while(!TXSTA.TRMT);
L_sendChar3:
0x003D	0x189E      	BTFSC      TXSTA, 1
0x003E	0x2840      	GOTO       L_sendChar4
0x003F	0x283D      	GOTO       L_sendChar3
L_sendChar4:
;dial-indicator.c,16 :: 		}
L_end_sendChar:
0x0040	0x0008      	RETURN
; end of _sendChar
_Div_32x32_U:
;__Lib_Math.c,1309 :: 		
;__Lib_Math.c,1318 :: 		
;__Lib_Math.c,1320 :: 		
0x0041	0x0020      	MOVLB      0
;__Lib_Math.c,1321 :: 		
0x0042	0x01FB      	CLRF       R11
;__Lib_Math.c,1322 :: 		
0x0043	0x01FA      	CLRF       R10
;__Lib_Math.c,1323 :: 		
0x0044	0x01F9      	CLRF       R9
;__Lib_Math.c,1324 :: 		
0x0045	0x01F8      	CLRF       R8
;__Lib_Math.c,1326 :: 		
0x0046	0x01A0      	CLRF       ___math_tempb
;__Lib_Math.c,1328 :: 		
0x0047	0x0D73      	RLF        R3, 0
;__Lib_Math.c,1329 :: 		
0x0048	0x0DF8      	RLF        R8, 1
;__Lib_Math.c,1330 :: 		
0x0049	0x0874      	MOVF       R4, 0
;__Lib_Math.c,1331 :: 		
0x004A	0x02F8      	SUBWF      R8, 1
;__Lib_Math.c,1332 :: 		
0x004B	0x0875      	MOVF       R5, 0
;__Lib_Math.c,1333 :: 		
0x004C	0x1C03      	BTFSS      STATUS, 0
;__Lib_Math.c,1334 :: 		
0x004D	0x0F75      	INCFSZ     R5, 0
;__Lib_Math.c,1335 :: 		
0x004E	0x02F9      	SUBWF      R9, 1
;__Lib_Math.c,1336 :: 		
0x004F	0x0876      	MOVF       R6, 0
;__Lib_Math.c,1337 :: 		
0x0050	0x1C03      	BTFSS      STATUS, 0
;__Lib_Math.c,1338 :: 		
0x0051	0x0F76      	INCFSZ     R6, 0
;__Lib_Math.c,1339 :: 		
0x0052	0x02FA      	SUBWF      R10, 1
;__Lib_Math.c,1340 :: 		
0x0053	0x0877      	MOVF       R7, 0
;__Lib_Math.c,1341 :: 		
0x0054	0x1C03      	BTFSS      STATUS, 0
;__Lib_Math.c,1342 :: 		
0x0055	0x0F77      	INCFSZ     R7, 0
;__Lib_Math.c,1343 :: 		
0x0056	0x02FB      	SUBWF      R11, 1
;__Lib_Math.c,1345 :: 		
0x0057	0x0100      	CLRW       0, 0
;__Lib_Math.c,1346 :: 		
0x0058	0x1C03      	BTFSS      STATUS, 0
;__Lib_Math.c,1347 :: 		
0x0059	0x3001      	MOVLW      1
;__Lib_Math.c,1348 :: 		
0x005A	0x02A0      	SUBWF      ___math_tempb, 1
;__Lib_Math.c,1349 :: 		
0x005B	0x0DF3      	RLF        R3, 1
;__Lib_Math.c,1351 :: 		
0x005C	0x3007      	MOVLW      7
;__Lib_Math.c,1352 :: 		
0x005D	0x00FC      	MOVWF      R12
;__Lib_Math.c,1354 :: 		
LOOPU3232A:
;__Lib_Math.c,1355 :: 		
0x005E	0x0D73      	RLF        R3, 0
;__Lib_Math.c,1356 :: 		
0x005F	0x0DF8      	RLF        R8, 1
;__Lib_Math.c,1357 :: 		
0x0060	0x0DF9      	RLF        R9, 1
;__Lib_Math.c,1358 :: 		
0x0061	0x0DFA      	RLF        R10, 1
;__Lib_Math.c,1359 :: 		
0x0062	0x0DFB      	RLF        R11, 1
;__Lib_Math.c,1360 :: 		
0x0063	0x0DA0      	RLF        ___math_tempb, 1
;__Lib_Math.c,1361 :: 		
0x0064	0x0874      	MOVF       R4, 0
;__Lib_Math.c,1362 :: 		
0x0065	0x1C73      	BTFSS      R3, 0
;__Lib_Math.c,1363 :: 		
0x0066	0x2879      	GOTO       UADD22LA
;__Lib_Math.c,1365 :: 		
0x0067	0x02F8      	SUBWF      R8, 1
;__Lib_Math.c,1366 :: 		
0x0068	0x0875      	MOVF       R5, 0
;__Lib_Math.c,1367 :: 		
0x0069	0x1C03      	BTFSS      STATUS, 0
;__Lib_Math.c,1368 :: 		
0x006A	0x0F75      	INCFSZ     R5, 0
;__Lib_Math.c,1369 :: 		
0x006B	0x02F9      	SUBWF      R9, 1
;__Lib_Math.c,1370 :: 		
0x006C	0x0876      	MOVF       R6, 0
;__Lib_Math.c,1371 :: 		
0x006D	0x1C03      	BTFSS      STATUS, 0
;__Lib_Math.c,1372 :: 		
0x006E	0x0F76      	INCFSZ     R6, 0
;__Lib_Math.c,1373 :: 		
0x006F	0x02FA      	SUBWF      R10, 1
;__Lib_Math.c,1374 :: 		
0x0070	0x0877      	MOVF       R7, 0
;__Lib_Math.c,1375 :: 		
0x0071	0x1C03      	BTFSS      STATUS, 0
;__Lib_Math.c,1376 :: 		
0x0072	0x0F77      	INCFSZ     R7, 0
;__Lib_Math.c,1377 :: 		
0x0073	0x02FB      	SUBWF      R11, 1
;__Lib_Math.c,1378 :: 		
0x0074	0x0100      	CLRW       0, 0
;__Lib_Math.c,1379 :: 		
0x0075	0x1C03      	BTFSS      STATUS, 0
;__Lib_Math.c,1380 :: 		
0x0076	0x3001      	MOVLW      1
;__Lib_Math.c,1381 :: 		
0x0077	0x02A0      	SUBWF      ___math_tempb, 1
;__Lib_Math.c,1382 :: 		
0x0078	0x288A      	GOTO       UOK22LA
;__Lib_Math.c,1384 :: 		
UADD22LA:
;__Lib_Math.c,1385 :: 		
0x0079	0x07F8      	ADDWF      R8, 1
;__Lib_Math.c,1386 :: 		
0x007A	0x0875      	MOVF       R5, 0
;__Lib_Math.c,1387 :: 		
0x007B	0x1803      	BTFSC      STATUS, 0
;__Lib_Math.c,1388 :: 		
0x007C	0x0F75      	INCFSZ     R5, 0
;__Lib_Math.c,1389 :: 		
0x007D	0x07F9      	ADDWF      R9, 1
;__Lib_Math.c,1390 :: 		
0x007E	0x0876      	MOVF       R6, 0
;__Lib_Math.c,1391 :: 		
0x007F	0x1803      	BTFSC      STATUS, 0
;__Lib_Math.c,1392 :: 		
0x0080	0x0F76      	INCFSZ     R6, 0
;__Lib_Math.c,1393 :: 		
0x0081	0x07FA      	ADDWF      R10, 1
;__Lib_Math.c,1394 :: 		
0x0082	0x0877      	MOVF       R7, 0
;__Lib_Math.c,1395 :: 		
0x0083	0x1803      	BTFSC      STATUS, 0
;__Lib_Math.c,1396 :: 		
0x0084	0x0F77      	INCFSZ     R7, 0
;__Lib_Math.c,1397 :: 		
0x0085	0x07FB      	ADDWF      R11, 1
;__Lib_Math.c,1398 :: 		
0x0086	0x0100      	CLRW       0, 0
;__Lib_Math.c,1399 :: 		
0x0087	0x1803      	BTFSC      STATUS, 0
;__Lib_Math.c,1400 :: 		
0x0088	0x3001      	MOVLW      1
;__Lib_Math.c,1401 :: 		
0x0089	0x07A0      	ADDWF      ___math_tempb, 1
;__Lib_Math.c,1403 :: 		
UOK22LA:
;__Lib_Math.c,1404 :: 		
0x008A	0x0DF3      	RLF        R3, 1
;__Lib_Math.c,1406 :: 		
0x008B	0x0BFC      	DECFSZ     R12, 1
;__Lib_Math.c,1407 :: 		
0x008C	0x285E      	GOTO       LOOPU3232A
;__Lib_Math.c,1409 :: 		
0x008D	0x0D72      	RLF        R2, 0
;__Lib_Math.c,1410 :: 		
0x008E	0x0DF8      	RLF        R8, 1
;__Lib_Math.c,1411 :: 		
0x008F	0x0DF9      	RLF        R9, 1
;__Lib_Math.c,1412 :: 		
0x0090	0x0DFA      	RLF        R10, 1
;__Lib_Math.c,1413 :: 		
0x0091	0x0DFB      	RLF        R11, 1
;__Lib_Math.c,1414 :: 		
0x0092	0x0DA0      	RLF        ___math_tempb, 1
;__Lib_Math.c,1415 :: 		
0x0093	0x0874      	MOVF       R4, 0
;__Lib_Math.c,1416 :: 		
0x0094	0x1C73      	BTFSS      R3, 0
;__Lib_Math.c,1417 :: 		
0x0095	0x28A8      	GOTO       UADD22L8
;__Lib_Math.c,1419 :: 		
0x0096	0x02F8      	SUBWF      R8, 1
;__Lib_Math.c,1420 :: 		
0x0097	0x0875      	MOVF       R5, 0
;__Lib_Math.c,1421 :: 		
0x0098	0x1C03      	BTFSS      STATUS, 0
;__Lib_Math.c,1422 :: 		
0x0099	0x0F75      	INCFSZ     R5, 0
;__Lib_Math.c,1423 :: 		
0x009A	0x02F9      	SUBWF      R9, 1
;__Lib_Math.c,1424 :: 		
0x009B	0x0876      	MOVF       R6, 0
;__Lib_Math.c,1425 :: 		
0x009C	0x1C03      	BTFSS      STATUS, 0
;__Lib_Math.c,1426 :: 		
0x009D	0x0F76      	INCFSZ     R6, 0
;__Lib_Math.c,1427 :: 		
0x009E	0x02FA      	SUBWF      R10, 1
;__Lib_Math.c,1428 :: 		
0x009F	0x0877      	MOVF       R7, 0
;__Lib_Math.c,1429 :: 		
0x00A0	0x1C03      	BTFSS      STATUS, 0
;__Lib_Math.c,1430 :: 		
0x00A1	0x0F77      	INCFSZ     R7, 0
;__Lib_Math.c,1431 :: 		
0x00A2	0x02FB      	SUBWF      R11, 1
;__Lib_Math.c,1432 :: 		
0x00A3	0x0100      	CLRW       0, 0
;__Lib_Math.c,1433 :: 		
0x00A4	0x1C03      	BTFSS      STATUS, 0
;__Lib_Math.c,1434 :: 		
0x00A5	0x3001      	MOVLW      1
;__Lib_Math.c,1435 :: 		
0x00A6	0x02A0      	SUBWF      ___math_tempb, 1
;__Lib_Math.c,1436 :: 		
0x00A7	0x28B9      	GOTO       UOK22L8
;__Lib_Math.c,1438 :: 		
UADD22L8:
;__Lib_Math.c,1439 :: 		
0x00A8	0x07F8      	ADDWF      R8, 1
;__Lib_Math.c,1440 :: 		
0x00A9	0x0875      	MOVF       R5, 0
;__Lib_Math.c,1441 :: 		
0x00AA	0x1803      	BTFSC      STATUS, 0
;__Lib_Math.c,1442 :: 		
0x00AB	0x0F75      	INCFSZ     R5, 0
;__Lib_Math.c,1443 :: 		
0x00AC	0x07F9      	ADDWF      R9, 1
;__Lib_Math.c,1444 :: 		
0x00AD	0x0876      	MOVF       R6, 0
;__Lib_Math.c,1445 :: 		
0x00AE	0x1803      	BTFSC      STATUS, 0
;__Lib_Math.c,1446 :: 		
0x00AF	0x0F76      	INCFSZ     R6, 0
;__Lib_Math.c,1447 :: 		
0x00B0	0x07FA      	ADDWF      R10, 1
;__Lib_Math.c,1448 :: 		
0x00B1	0x0877      	MOVF       R7, 0
;__Lib_Math.c,1449 :: 		
0x00B2	0x1803      	BTFSC      STATUS, 0
;__Lib_Math.c,1450 :: 		
0x00B3	0x0F77      	INCFSZ     R7, 0
;__Lib_Math.c,1451 :: 		
0x00B4	0x07FB      	ADDWF      R11, 1
;__Lib_Math.c,1452 :: 		
0x00B5	0x0100      	CLRW       0, 0
;__Lib_Math.c,1453 :: 		
0x00B6	0x1803      	BTFSC      STATUS, 0
;__Lib_Math.c,1454 :: 		
0x00B7	0x3001      	MOVLW      1
;__Lib_Math.c,1455 :: 		
0x00B8	0x07A0      	ADDWF      ___math_tempb, 1
;__Lib_Math.c,1457 :: 		
UOK22L8:
;__Lib_Math.c,1458 :: 		
0x00B9	0x0DF2      	RLF        R2, 1
;__Lib_Math.c,1460 :: 		
0x00BA	0x3007      	MOVLW      7
;__Lib_Math.c,1461 :: 		
0x00BB	0x00FC      	MOVWF      R12
;__Lib_Math.c,1463 :: 		
LOOPU3232B:
;__Lib_Math.c,1464 :: 		
0x00BC	0x0D72      	RLF        R2, 0
;__Lib_Math.c,1465 :: 		
0x00BD	0x0DF8      	RLF        R8, 1
;__Lib_Math.c,1466 :: 		
0x00BE	0x0DF9      	RLF        R9, 1
;__Lib_Math.c,1467 :: 		
0x00BF	0x0DFA      	RLF        R10, 1
;__Lib_Math.c,1468 :: 		
0x00C0	0x0DFB      	RLF        R11, 1
;__Lib_Math.c,1469 :: 		
0x00C1	0x0DA0      	RLF        ___math_tempb, 1
;__Lib_Math.c,1470 :: 		
0x00C2	0x0874      	MOVF       R4, 0
;__Lib_Math.c,1471 :: 		
0x00C3	0x1C72      	BTFSS      R2, 0
;__Lib_Math.c,1472 :: 		
0x00C4	0x28D7      	GOTO       UADD22LB
;__Lib_Math.c,1474 :: 		
0x00C5	0x02F8      	SUBWF      R8, 1
;__Lib_Math.c,1475 :: 		
0x00C6	0x0875      	MOVF       R5, 0
;__Lib_Math.c,1476 :: 		
0x00C7	0x1C03      	BTFSS      STATUS, 0
;__Lib_Math.c,1477 :: 		
0x00C8	0x0F75      	INCFSZ     R5, 0
;__Lib_Math.c,1478 :: 		
0x00C9	0x02F9      	SUBWF      R9, 1
;__Lib_Math.c,1479 :: 		
0x00CA	0x0876      	MOVF       R6, 0
;__Lib_Math.c,1480 :: 		
0x00CB	0x1C03      	BTFSS      STATUS, 0
;__Lib_Math.c,1481 :: 		
0x00CC	0x0F76      	INCFSZ     R6, 0
;__Lib_Math.c,1482 :: 		
0x00CD	0x02FA      	SUBWF      R10, 1
;__Lib_Math.c,1483 :: 		
0x00CE	0x0877      	MOVF       R7, 0
;__Lib_Math.c,1484 :: 		
0x00CF	0x1C03      	BTFSS      STATUS, 0
;__Lib_Math.c,1485 :: 		
0x00D0	0x0F77      	INCFSZ     R7, 0
;__Lib_Math.c,1486 :: 		
0x00D1	0x02FB      	SUBWF      R11, 1
;__Lib_Math.c,1487 :: 		
0x00D2	0x0100      	CLRW       0, 0
;__Lib_Math.c,1488 :: 		
0x00D3	0x1C03      	BTFSS      STATUS, 0
;__Lib_Math.c,1489 :: 		
0x00D4	0x3001      	MOVLW      1
;__Lib_Math.c,1490 :: 		
0x00D5	0x02A0      	SUBWF      ___math_tempb, 1
;__Lib_Math.c,1491 :: 		
0x00D6	0x28E8      	GOTO       UOK22LB
;__Lib_Math.c,1493 :: 		
UADD22LB:
;__Lib_Math.c,1494 :: 		
0x00D7	0x07F8      	ADDWF      R8, 1
;__Lib_Math.c,1495 :: 		
0x00D8	0x0875      	MOVF       R5, 0
;__Lib_Math.c,1496 :: 		
0x00D9	0x1803      	BTFSC      STATUS, 0
;__Lib_Math.c,1497 :: 		
0x00DA	0x0F75      	INCFSZ     R5, 0
;__Lib_Math.c,1498 :: 		
0x00DB	0x07F9      	ADDWF      R9, 1
;__Lib_Math.c,1499 :: 		
0x00DC	0x0876      	MOVF       R6, 0
;__Lib_Math.c,1500 :: 		
0x00DD	0x1803      	BTFSC      STATUS, 0
;__Lib_Math.c,1501 :: 		
0x00DE	0x0F76      	INCFSZ     R6, 0
;__Lib_Math.c,1502 :: 		
0x00DF	0x07FA      	ADDWF      R10, 1
;__Lib_Math.c,1503 :: 		
0x00E0	0x0877      	MOVF       R7, 0
;__Lib_Math.c,1504 :: 		
0x00E1	0x1803      	BTFSC      STATUS, 0
;__Lib_Math.c,1505 :: 		
0x00E2	0x0F77      	INCFSZ     R7, 0
;__Lib_Math.c,1506 :: 		
0x00E3	0x07FB      	ADDWF      R11, 1
;__Lib_Math.c,1507 :: 		
0x00E4	0x0100      	CLRW       0, 0
;__Lib_Math.c,1508 :: 		
0x00E5	0x1803      	BTFSC      STATUS, 0
;__Lib_Math.c,1509 :: 		
0x00E6	0x3001      	MOVLW      1
;__Lib_Math.c,1510 :: 		
0x00E7	0x07A0      	ADDWF      ___math_tempb, 1
;__Lib_Math.c,1512 :: 		
UOK22LB:
;__Lib_Math.c,1513 :: 		
0x00E8	0x0DF2      	RLF        R2, 1
;__Lib_Math.c,1515 :: 		
0x00E9	0x0BFC      	DECFSZ     R12, 1
;__Lib_Math.c,1516 :: 		
0x00EA	0x28BC      	GOTO       LOOPU3232B
;__Lib_Math.c,1518 :: 		
0x00EB	0x0D71      	RLF        R1, 0
;__Lib_Math.c,1519 :: 		
0x00EC	0x0DF8      	RLF        R8, 1
;__Lib_Math.c,1520 :: 		
0x00ED	0x0DF9      	RLF        R9, 1
;__Lib_Math.c,1521 :: 		
0x00EE	0x0DFA      	RLF        R10, 1
;__Lib_Math.c,1522 :: 		
0x00EF	0x0DFB      	RLF        R11, 1
;__Lib_Math.c,1523 :: 		
0x00F0	0x0DA0      	RLF        ___math_tempb, 1
;__Lib_Math.c,1524 :: 		
0x00F1	0x0874      	MOVF       R4, 0
;__Lib_Math.c,1525 :: 		
0x00F2	0x1C72      	BTFSS      R2, 0
;__Lib_Math.c,1526 :: 		
0x00F3	0x2906      	GOTO       UADD22L16
;__Lib_Math.c,1528 :: 		
0x00F4	0x02F8      	SUBWF      R8, 1
;__Lib_Math.c,1529 :: 		
0x00F5	0x0875      	MOVF       R5, 0
;__Lib_Math.c,1530 :: 		
0x00F6	0x1C03      	BTFSS      STATUS, 0
;__Lib_Math.c,1531 :: 		
0x00F7	0x0F75      	INCFSZ     R5, 0
;__Lib_Math.c,1532 :: 		
0x00F8	0x02F9      	SUBWF      R9, 1
;__Lib_Math.c,1533 :: 		
0x00F9	0x0876      	MOVF       R6, 0
;__Lib_Math.c,1534 :: 		
0x00FA	0x1C03      	BTFSS      STATUS, 0
;__Lib_Math.c,1535 :: 		
0x00FB	0x0F76      	INCFSZ     R6, 0
;__Lib_Math.c,1536 :: 		
0x00FC	0x02FA      	SUBWF      R10, 1
;__Lib_Math.c,1537 :: 		
0x00FD	0x0877      	MOVF       R7, 0
;__Lib_Math.c,1538 :: 		
0x00FE	0x1C03      	BTFSS      STATUS, 0
;__Lib_Math.c,1539 :: 		
0x00FF	0x0F77      	INCFSZ     R7, 0
;__Lib_Math.c,1540 :: 		
0x0100	0x02FB      	SUBWF      R11, 1
;__Lib_Math.c,1541 :: 		
0x0101	0x0100      	CLRW       0, 0
;__Lib_Math.c,1542 :: 		
0x0102	0x1C03      	BTFSS      STATUS, 0
;__Lib_Math.c,1543 :: 		
0x0103	0x3001      	MOVLW      1
;__Lib_Math.c,1544 :: 		
0x0104	0x02A0      	SUBWF      ___math_tempb, 1
;__Lib_Math.c,1545 :: 		
0x0105	0x2917      	GOTO       UOK22L16
;__Lib_Math.c,1547 :: 		
UADD22L16:
;__Lib_Math.c,1548 :: 		
0x0106	0x07F8      	ADDWF      R8, 1
;__Lib_Math.c,1549 :: 		
0x0107	0x0875      	MOVF       R5, 0
;__Lib_Math.c,1550 :: 		
0x0108	0x1803      	BTFSC      STATUS, 0
;__Lib_Math.c,1551 :: 		
0x0109	0x0F75      	INCFSZ     R5, 0
;__Lib_Math.c,1552 :: 		
0x010A	0x07F9      	ADDWF      R9, 1
;__Lib_Math.c,1553 :: 		
0x010B	0x0876      	MOVF       R6, 0
;__Lib_Math.c,1554 :: 		
0x010C	0x1803      	BTFSC      STATUS, 0
;__Lib_Math.c,1555 :: 		
0x010D	0x0F76      	INCFSZ     R6, 0
;__Lib_Math.c,1556 :: 		
0x010E	0x07FA      	ADDWF      R10, 1
;__Lib_Math.c,1557 :: 		
0x010F	0x0877      	MOVF       R7, 0
;__Lib_Math.c,1558 :: 		
0x0110	0x1803      	BTFSC      STATUS, 0
;__Lib_Math.c,1559 :: 		
0x0111	0x0F77      	INCFSZ     R7, 0
;__Lib_Math.c,1560 :: 		
0x0112	0x07FB      	ADDWF      R11, 1
;__Lib_Math.c,1561 :: 		
0x0113	0x0100      	CLRW       0, 0
;__Lib_Math.c,1562 :: 		
0x0114	0x1803      	BTFSC      STATUS, 0
;__Lib_Math.c,1563 :: 		
0x0115	0x3001      	MOVLW      1
;__Lib_Math.c,1564 :: 		
0x0116	0x07A0      	ADDWF      ___math_tempb, 1
;__Lib_Math.c,1566 :: 		
UOK22L16:
;__Lib_Math.c,1567 :: 		
0x0117	0x0DF1      	RLF        R1, 1
;__Lib_Math.c,1569 :: 		
0x0118	0x3007      	MOVLW      7
;__Lib_Math.c,1570 :: 		
0x0119	0x00FC      	MOVWF      R12
;__Lib_Math.c,1572 :: 		
LOOPU3232C:
;__Lib_Math.c,1573 :: 		
0x011A	0x0D71      	RLF        R1, 0
;__Lib_Math.c,1574 :: 		
0x011B	0x0DF8      	RLF        R8, 1
;__Lib_Math.c,1575 :: 		
0x011C	0x0DF9      	RLF        R9, 1
;__Lib_Math.c,1576 :: 		
0x011D	0x0DFA      	RLF        R10, 1
;__Lib_Math.c,1577 :: 		
0x011E	0x0DFB      	RLF        R11, 1
;__Lib_Math.c,1578 :: 		
0x011F	0x0DA0      	RLF        ___math_tempb, 1
;__Lib_Math.c,1579 :: 		
0x0120	0x0874      	MOVF       R4, 0
;__Lib_Math.c,1580 :: 		
0x0121	0x1C71      	BTFSS      R1, 0
;__Lib_Math.c,1581 :: 		
0x0122	0x2935      	GOTO       UADD22LC
;__Lib_Math.c,1583 :: 		
0x0123	0x02F8      	SUBWF      R8, 1
;__Lib_Math.c,1584 :: 		
0x0124	0x0875      	MOVF       R5, 0
;__Lib_Math.c,1585 :: 		
0x0125	0x1C03      	BTFSS      STATUS, 0
;__Lib_Math.c,1586 :: 		
0x0126	0x0F75      	INCFSZ     R5, 0
;__Lib_Math.c,1587 :: 		
0x0127	0x02F9      	SUBWF      R9, 1
;__Lib_Math.c,1588 :: 		
0x0128	0x0876      	MOVF       R6, 0
;__Lib_Math.c,1589 :: 		
0x0129	0x1C03      	BTFSS      STATUS, 0
;__Lib_Math.c,1590 :: 		
0x012A	0x0F76      	INCFSZ     R6, 0
;__Lib_Math.c,1591 :: 		
0x012B	0x02FA      	SUBWF      R10, 1
;__Lib_Math.c,1592 :: 		
0x012C	0x0877      	MOVF       R7, 0
;__Lib_Math.c,1593 :: 		
0x012D	0x1C03      	BTFSS      STATUS, 0
;__Lib_Math.c,1594 :: 		
0x012E	0x0F77      	INCFSZ     R7, 0
;__Lib_Math.c,1595 :: 		
0x012F	0x02FB      	SUBWF      R11, 1
;__Lib_Math.c,1596 :: 		
0x0130	0x0100      	CLRW       0, 0
;__Lib_Math.c,1597 :: 		
0x0131	0x1C03      	BTFSS      STATUS, 0
;__Lib_Math.c,1598 :: 		
0x0132	0x3001      	MOVLW      1
;__Lib_Math.c,1599 :: 		
0x0133	0x02A0      	SUBWF      ___math_tempb, 1
;__Lib_Math.c,1600 :: 		
0x0134	0x2946      	GOTO       UOK22LC
;__Lib_Math.c,1602 :: 		
UADD22LC:
;__Lib_Math.c,1603 :: 		
0x0135	0x07F8      	ADDWF      R8, 1
;__Lib_Math.c,1604 :: 		
0x0136	0x0875      	MOVF       R5, 0
;__Lib_Math.c,1605 :: 		
0x0137	0x1803      	BTFSC      STATUS, 0
;__Lib_Math.c,1606 :: 		
0x0138	0x0F75      	INCFSZ     R5, 0
;__Lib_Math.c,1607 :: 		
0x0139	0x07F9      	ADDWF      R9, 1
;__Lib_Math.c,1608 :: 		
0x013A	0x0876      	MOVF       R6, 0
;__Lib_Math.c,1609 :: 		
0x013B	0x1803      	BTFSC      STATUS, 0
;__Lib_Math.c,1610 :: 		
0x013C	0x0F76      	INCFSZ     R6, 0
;__Lib_Math.c,1611 :: 		
0x013D	0x07FA      	ADDWF      R10, 1
;__Lib_Math.c,1612 :: 		
0x013E	0x0877      	MOVF       R7, 0
;__Lib_Math.c,1613 :: 		
0x013F	0x1803      	BTFSC      STATUS, 0
;__Lib_Math.c,1614 :: 		
0x0140	0x0F77      	INCFSZ     R7, 0
;__Lib_Math.c,1615 :: 		
0x0141	0x07FB      	ADDWF      R11, 1
;__Lib_Math.c,1616 :: 		
0x0142	0x0100      	CLRW       0, 0
;__Lib_Math.c,1617 :: 		
0x0143	0x1803      	BTFSC      STATUS, 0
;__Lib_Math.c,1618 :: 		
0x0144	0x3001      	MOVLW      1
;__Lib_Math.c,1619 :: 		
0x0145	0x07A0      	ADDWF      ___math_tempb, 1
;__Lib_Math.c,1621 :: 		
UOK22LC:
;__Lib_Math.c,1622 :: 		
0x0146	0x0DF1      	RLF        R1, 1
;__Lib_Math.c,1624 :: 		
0x0147	0x0BFC      	DECFSZ     R12, 1
;__Lib_Math.c,1625 :: 		
0x0148	0x291A      	GOTO       LOOPU3232C
;__Lib_Math.c,1627 :: 		
0x0149	0x0D70      	RLF        R0, 0
;__Lib_Math.c,1628 :: 		
0x014A	0x0DF8      	RLF        R8, 1
;__Lib_Math.c,1629 :: 		
0x014B	0x0DF9      	RLF        R9, 1
;__Lib_Math.c,1630 :: 		
0x014C	0x0DFA      	RLF        R10, 1
;__Lib_Math.c,1631 :: 		
0x014D	0x0DFB      	RLF        R11, 1
;__Lib_Math.c,1632 :: 		
0x014E	0x0DA0      	RLF        ___math_tempb, 1
;__Lib_Math.c,1633 :: 		
0x014F	0x0874      	MOVF       R4, 0
;__Lib_Math.c,1634 :: 		
0x0150	0x1C71      	BTFSS      R1, 0
;__Lib_Math.c,1635 :: 		
0x0151	0x2964      	GOTO       UADD22L24
;__Lib_Math.c,1637 :: 		
0x0152	0x02F8      	SUBWF      R8, 1
;__Lib_Math.c,1638 :: 		
0x0153	0x0875      	MOVF       R5, 0
;__Lib_Math.c,1639 :: 		
0x0154	0x1C03      	BTFSS      STATUS, 0
;__Lib_Math.c,1640 :: 		
0x0155	0x0F75      	INCFSZ     R5, 0
;__Lib_Math.c,1641 :: 		
0x0156	0x02F9      	SUBWF      R9, 1
;__Lib_Math.c,1642 :: 		
0x0157	0x0876      	MOVF       R6, 0
;__Lib_Math.c,1643 :: 		
0x0158	0x1C03      	BTFSS      STATUS, 0
;__Lib_Math.c,1644 :: 		
0x0159	0x0F76      	INCFSZ     R6, 0
;__Lib_Math.c,1645 :: 		
0x015A	0x02FA      	SUBWF      R10, 1
;__Lib_Math.c,1646 :: 		
0x015B	0x0877      	MOVF       R7, 0
;__Lib_Math.c,1647 :: 		
0x015C	0x1C03      	BTFSS      STATUS, 0
;__Lib_Math.c,1648 :: 		
0x015D	0x0F77      	INCFSZ     R7, 0
;__Lib_Math.c,1649 :: 		
0x015E	0x02FB      	SUBWF      R11, 1
;__Lib_Math.c,1650 :: 		
0x015F	0x0100      	CLRW       0, 0
;__Lib_Math.c,1651 :: 		
0x0160	0x1C03      	BTFSS      STATUS, 0
;__Lib_Math.c,1652 :: 		
0x0161	0x3001      	MOVLW      1
;__Lib_Math.c,1653 :: 		
0x0162	0x02A0      	SUBWF      ___math_tempb, 1
;__Lib_Math.c,1654 :: 		
0x0163	0x2975      	GOTO       UOK22L24
;__Lib_Math.c,1656 :: 		
UADD22L24:
;__Lib_Math.c,1657 :: 		
0x0164	0x07F8      	ADDWF      R8, 1
;__Lib_Math.c,1658 :: 		
0x0165	0x0875      	MOVF       R5, 0
;__Lib_Math.c,1659 :: 		
0x0166	0x1803      	BTFSC      STATUS, 0
;__Lib_Math.c,1660 :: 		
0x0167	0x0F75      	INCFSZ     R5, 0
;__Lib_Math.c,1661 :: 		
0x0168	0x07F9      	ADDWF      R9, 1
;__Lib_Math.c,1662 :: 		
0x0169	0x0876      	MOVF       R6, 0
;__Lib_Math.c,1663 :: 		
0x016A	0x1803      	BTFSC      STATUS, 0
;__Lib_Math.c,1664 :: 		
0x016B	0x0F76      	INCFSZ     R6, 0
;__Lib_Math.c,1665 :: 		
0x016C	0x07FA      	ADDWF      R10, 1
;__Lib_Math.c,1666 :: 		
0x016D	0x0877      	MOVF       R7, 0
;__Lib_Math.c,1667 :: 		
0x016E	0x1803      	BTFSC      STATUS, 0
;__Lib_Math.c,1668 :: 		
0x016F	0x0F77      	INCFSZ     R7, 0
;__Lib_Math.c,1669 :: 		
0x0170	0x07FB      	ADDWF      R11, 1
;__Lib_Math.c,1670 :: 		
0x0171	0x0100      	CLRW       0, 0
;__Lib_Math.c,1671 :: 		
0x0172	0x1803      	BTFSC      STATUS, 0
;__Lib_Math.c,1672 :: 		
0x0173	0x3001      	MOVLW      1
;__Lib_Math.c,1673 :: 		
0x0174	0x07A0      	ADDWF      ___math_tempb, 1
;__Lib_Math.c,1675 :: 		
UOK22L24:
;__Lib_Math.c,1676 :: 		
0x0175	0x0DF0      	RLF        R0, 1
;__Lib_Math.c,1678 :: 		
0x0176	0x3007      	MOVLW      7
;__Lib_Math.c,1679 :: 		
0x0177	0x00FC      	MOVWF      R12
;__Lib_Math.c,1681 :: 		
LOOPU3232D:
;__Lib_Math.c,1682 :: 		
0x0178	0x0D70      	RLF        R0, 0
;__Lib_Math.c,1683 :: 		
0x0179	0x0DF8      	RLF        R8, 1
;__Lib_Math.c,1684 :: 		
0x017A	0x0DF9      	RLF        R9, 1
;__Lib_Math.c,1685 :: 		
0x017B	0x0DFA      	RLF        R10, 1
;__Lib_Math.c,1686 :: 		
0x017C	0x0DFB      	RLF        R11, 1
;__Lib_Math.c,1687 :: 		
0x017D	0x0DA0      	RLF        ___math_tempb, 1
;__Lib_Math.c,1688 :: 		
0x017E	0x0874      	MOVF       R4, 0
;__Lib_Math.c,1689 :: 		
0x017F	0x1C70      	BTFSS      R0, 0
;__Lib_Math.c,1690 :: 		
0x0180	0x2993      	GOTO       UADD22LD
;__Lib_Math.c,1692 :: 		
0x0181	0x02F8      	SUBWF      R8, 1
;__Lib_Math.c,1693 :: 		
0x0182	0x0875      	MOVF       R5, 0
;__Lib_Math.c,1694 :: 		
0x0183	0x1C03      	BTFSS      STATUS, 0
;__Lib_Math.c,1695 :: 		
0x0184	0x0F75      	INCFSZ     R5, 0
;__Lib_Math.c,1696 :: 		
0x0185	0x02F9      	SUBWF      R9, 1
;__Lib_Math.c,1697 :: 		
0x0186	0x0876      	MOVF       R6, 0
;__Lib_Math.c,1698 :: 		
0x0187	0x1C03      	BTFSS      STATUS, 0
;__Lib_Math.c,1699 :: 		
0x0188	0x0F76      	INCFSZ     R6, 0
;__Lib_Math.c,1700 :: 		
0x0189	0x02FA      	SUBWF      R10, 1
;__Lib_Math.c,1701 :: 		
0x018A	0x0877      	MOVF       R7, 0
;__Lib_Math.c,1702 :: 		
0x018B	0x1C03      	BTFSS      STATUS, 0
;__Lib_Math.c,1703 :: 		
0x018C	0x0F77      	INCFSZ     R7, 0
;__Lib_Math.c,1704 :: 		
0x018D	0x02FB      	SUBWF      R11, 1
;__Lib_Math.c,1705 :: 		
0x018E	0x0100      	CLRW       0, 0
;__Lib_Math.c,1706 :: 		
0x018F	0x1C03      	BTFSS      STATUS, 0
;__Lib_Math.c,1707 :: 		
0x0190	0x3001      	MOVLW      1
;__Lib_Math.c,1708 :: 		
0x0191	0x02A0      	SUBWF      ___math_tempb, 1
;__Lib_Math.c,1709 :: 		
0x0192	0x29A4      	GOTO       UOK22LD
;__Lib_Math.c,1711 :: 		
UADD22LD:
;__Lib_Math.c,1712 :: 		
0x0193	0x07F8      	ADDWF      R8, 1
;__Lib_Math.c,1713 :: 		
0x0194	0x0875      	MOVF       R5, 0
;__Lib_Math.c,1714 :: 		
0x0195	0x1803      	BTFSC      STATUS, 0
;__Lib_Math.c,1715 :: 		
0x0196	0x0F75      	INCFSZ     R5, 0
;__Lib_Math.c,1716 :: 		
0x0197	0x07F9      	ADDWF      R9, 1
;__Lib_Math.c,1717 :: 		
0x0198	0x0876      	MOVF       R6, 0
;__Lib_Math.c,1718 :: 		
0x0199	0x1803      	BTFSC      STATUS, 0
;__Lib_Math.c,1719 :: 		
0x019A	0x0F76      	INCFSZ     R6, 0
;__Lib_Math.c,1720 :: 		
0x019B	0x07FA      	ADDWF      R10, 1
;__Lib_Math.c,1721 :: 		
0x019C	0x0877      	MOVF       R7, 0
;__Lib_Math.c,1722 :: 		
0x019D	0x1803      	BTFSC      STATUS, 0
;__Lib_Math.c,1723 :: 		
0x019E	0x0F77      	INCFSZ     R7, 0
;__Lib_Math.c,1724 :: 		
0x019F	0x07FB      	ADDWF      R11, 1
;__Lib_Math.c,1725 :: 		
0x01A0	0x0100      	CLRW       0, 0
;__Lib_Math.c,1726 :: 		
0x01A1	0x1803      	BTFSC      STATUS, 0
;__Lib_Math.c,1727 :: 		
0x01A2	0x3001      	MOVLW      1
;__Lib_Math.c,1728 :: 		
0x01A3	0x07A0      	ADDWF      ___math_tempb, 1
;__Lib_Math.c,1730 :: 		
UOK22LD:
;__Lib_Math.c,1731 :: 		
0x01A4	0x0DF0      	RLF        R0, 1
;__Lib_Math.c,1733 :: 		
0x01A5	0x0BFC      	DECFSZ     R12, 1
;__Lib_Math.c,1734 :: 		
0x01A6	0x2978      	GOTO       LOOPU3232D
;__Lib_Math.c,1736 :: 		
0x01A7	0x1870      	BTFSC      R0, 0
;__Lib_Math.c,1737 :: 		
0x01A8	0x29B7      	GOTO       UOK22L
;__Lib_Math.c,1738 :: 		
0x01A9	0x0874      	MOVF       R4, 0
;__Lib_Math.c,1739 :: 		
0x01AA	0x07F8      	ADDWF      R8, 1
;__Lib_Math.c,1740 :: 		
0x01AB	0x0875      	MOVF       R5, 0
;__Lib_Math.c,1741 :: 		
0x01AC	0x1803      	BTFSC      STATUS, 0
;__Lib_Math.c,1742 :: 		
0x01AD	0x0F75      	INCFSZ     R5, 0
;__Lib_Math.c,1743 :: 		
0x01AE	0x07F9      	ADDWF      R9, 1
;__Lib_Math.c,1744 :: 		
0x01AF	0x0876      	MOVF       R6, 0
;__Lib_Math.c,1745 :: 		
0x01B0	0x1803      	BTFSC      STATUS, 0
;__Lib_Math.c,1746 :: 		
0x01B1	0x0F76      	INCFSZ     R6, 0
;__Lib_Math.c,1747 :: 		
0x01B2	0x07FA      	ADDWF      R10, 1
;__Lib_Math.c,1748 :: 		
0x01B3	0x0877      	MOVF       R7, 0
;__Lib_Math.c,1749 :: 		
0x01B4	0x1803      	BTFSC      STATUS, 0
;__Lib_Math.c,1750 :: 		
0x01B5	0x0F77      	INCFSZ     R7, 0
;__Lib_Math.c,1751 :: 		
0x01B6	0x07FB      	ADDWF      R11, 1
;__Lib_Math.c,1753 :: 		
UOK22L:
;__Lib_Math.c,1756 :: 		
L_end_Div_32x32_U:
0x01B7	0x0008      	RETURN
; end of _Div_32x32_U
_Mul_16x16_U:
;__Lib_Math.c,136 :: 		
;__Lib_Math.c,143 :: 		
0x01B8	0x0020      	MOVLB      0
;__Lib_Math.c,144 :: 		
0x01B9	0x01FB      	CLRF       R11
;__Lib_Math.c,145 :: 		
0x01BA	0x01FA      	CLRF       R10
;__Lib_Math.c,146 :: 		
0x01BB	0x01F9      	CLRF       R9
;__Lib_Math.c,147 :: 		
0x01BC	0x3080      	MOVLW      128
;__Lib_Math.c,148 :: 		
0x01BD	0x00F8      	MOVWF      R8
;__Lib_Math.c,149 :: 		
0x01BE	0x0CF1      	RRF        R1, 1
;__Lib_Math.c,150 :: 		
0x01BF	0x0CF0      	RRF        R0, 1
;__Lib_Math.c,151 :: 		
0x01C0	0x1C03      	BTFSS      STATUS, 0
;__Lib_Math.c,152 :: 		
0x01C1	0x29CB      	GOTO       $+10
;__Lib_Math.c,153 :: 		
0x01C2	0x0874      	MOVF       R4, 0
;__Lib_Math.c,154 :: 		
0x01C3	0x07F9      	ADDWF      R9, 1
;__Lib_Math.c,155 :: 		
0x01C4	0x0875      	MOVF       R5, 0
;__Lib_Math.c,156 :: 		
0x01C5	0x1803      	BTFSC      STATUS, 0
;__Lib_Math.c,157 :: 		
0x01C6	0x0F75      	INCFSZ     R5, 0
;__Lib_Math.c,158 :: 		
0x01C7	0x07FA      	ADDWF      R10, 1
;__Lib_Math.c,159 :: 		
0x01C8	0x1803      	BTFSC      STATUS, 0
;__Lib_Math.c,160 :: 		
0x01C9	0x0AFB      	INCF       R11, 1
;__Lib_Math.c,161 :: 		
0x01CA	0x1003      	BCF        STATUS, 0
;__Lib_Math.c,162 :: 		
0x01CB	0x1FF0      	BTFSS      R0, 7
;__Lib_Math.c,163 :: 		
0x01CC	0x29D3      	GOTO       $+7
;__Lib_Math.c,164 :: 		
0x01CD	0x0874      	MOVF       R4, 0
;__Lib_Math.c,165 :: 		
0x01CE	0x07FA      	ADDWF      R10, 1
;__Lib_Math.c,166 :: 		
0x01CF	0x0875      	MOVF       R5, 0
;__Lib_Math.c,167 :: 		
0x01D0	0x1803      	BTFSC      STATUS, 0
;__Lib_Math.c,168 :: 		
0x01D1	0x0F75      	INCFSZ     R5, 0
;__Lib_Math.c,169 :: 		
0x01D2	0x07FB      	ADDWF      R11, 1
;__Lib_Math.c,170 :: 		
0x01D3	0x0CFB      	RRF        R11, 1
;__Lib_Math.c,171 :: 		
0x01D4	0x0CFA      	RRF        R10, 1
;__Lib_Math.c,172 :: 		
0x01D5	0x0CF9      	RRF        R9, 1
;__Lib_Math.c,173 :: 		
0x01D6	0x0CF8      	RRF        R8, 1
;__Lib_Math.c,174 :: 		
0x01D7	0x1C03      	BTFSS      STATUS, 0
;__Lib_Math.c,175 :: 		
0x01D8	0x29BE      	GOTO       $-26
;__Lib_Math.c,176 :: 		
0x01D9	0x087B      	MOVF       R11, 0
;__Lib_Math.c,177 :: 		
0x01DA	0x00F3      	MOVWF      R3
;__Lib_Math.c,178 :: 		
0x01DB	0x087A      	MOVF       R10, 0
;__Lib_Math.c,179 :: 		
0x01DC	0x00F2      	MOVWF      R2
;__Lib_Math.c,180 :: 		
0x01DD	0x0879      	MOVF       R9, 0
;__Lib_Math.c,181 :: 		
0x01DE	0x00F1      	MOVWF      R1
;__Lib_Math.c,182 :: 		
0x01DF	0x0878      	MOVF       R8, 0
;__Lib_Math.c,183 :: 		
0x01E0	0x00F0      	MOVWF      R0
;__Lib_Math.c,186 :: 		
L_end_Mul_16x16_U:
0x01E1	0x0008      	RETURN
; end of _Mul_16x16_U
_Mul_8x8_U:
;__Lib_Math.c,103 :: 		
;__Lib_Math.c,109 :: 		
0x01E2	0x0020      	MOVLB      0
;__Lib_Math.c,110 :: 		
0x01E3	0x0870      	MOVF       R0, 0
;__Lib_Math.c,111 :: 		
0x01E4	0x00F1      	MOVWF      R1
;__Lib_Math.c,112 :: 		
0x01E5	0x01F0      	CLRF       R0
;__Lib_Math.c,113 :: 		
0x01E6	0x3008      	MOVLW      8
;__Lib_Math.c,114 :: 		
0x01E7	0x00FC      	MOVWF      R12
;__Lib_Math.c,115 :: 		
0x01E8	0x0871      	MOVF       R1, 0
;__Lib_Math.c,116 :: 		
0x01E9	0x0CF4      	RRF        R4, 1
;__Lib_Math.c,117 :: 		
0x01EA	0x1803      	BTFSC      STATUS, 0
;__Lib_Math.c,118 :: 		
0x01EB	0x29F0      	GOTO       $+5
;__Lib_Math.c,119 :: 		
0x01EC	0x0BFC      	DECFSZ     R12, 1
;__Lib_Math.c,120 :: 		
0x01ED	0x29E9      	GOTO       $-4
;__Lib_Math.c,121 :: 		
0x01EE	0x01F1      	CLRF       R1
;__Lib_Math.c,122 :: 		
0x01EF	0x3400      	RETLW      0
;__Lib_Math.c,123 :: 		
0x01F0	0x1003      	BCF        STATUS, 0
;__Lib_Math.c,124 :: 		
0x01F1	0x29F5      	GOTO       $+4
;__Lib_Math.c,125 :: 		
0x01F2	0x0CF4      	RRF        R4, 1
;__Lib_Math.c,126 :: 		
0x01F3	0x1803      	BTFSC      STATUS, 0
;__Lib_Math.c,127 :: 		
0x01F4	0x07F1      	ADDWF      R1, 1
;__Lib_Math.c,128 :: 		
0x01F5	0x0CF1      	RRF        R1, 1
;__Lib_Math.c,129 :: 		
0x01F6	0x0CF0      	RRF        R0, 1
;__Lib_Math.c,130 :: 		
0x01F7	0x0BFC      	DECFSZ     R12, 1
;__Lib_Math.c,131 :: 		
0x01F8	0x29F2      	GOTO       $-6
;__Lib_Math.c,133 :: 		
;__Lib_Math.c,134 :: 		
L_end_Mul_8x8_U:
0x01F9	0x0008      	RETURN
; end of _Mul_8x8_U
_main:
0x01FA	0x0020      	MOVLB      0
0x01FB	0x01A1      	CLRF       _timeout_counter
0x01FC	0x01A2      	CLRF       34
0x01FD	0x3001      	MOVLW      1
0x01FE	0x00A3      	MOVWF      _clock_lpv
;dial-indicator.c,45 :: 		void main() {
;dial-indicator.c,48 :: 		OSCCON=0x78; //01111000    //SPLLEN: Software PLL Enable bit,0 = 4x PLL is disabled
0x01FF	0x3078      	MOVLW      120
0x0200	0x0021      	MOVLB      1
0x0201	0x0099      	MOVWF      OSCCON
;dial-indicator.c,54 :: 		TRISA.TRISA0=1;               //TRISA: PORTA TRI-STATE REGISTER, all inputs
0x0202	0x140C      	BSF        TRISA, 0
;dial-indicator.c,55 :: 		TRISA.TRISA1=1;
0x0203	0x148C      	BSF        TRISA, 1
;dial-indicator.c,56 :: 		TRISA.TRISA2=1;
0x0204	0x150C      	BSF        TRISA, 2
;dial-indicator.c,57 :: 		TRISA.TRISA3=1;               //This bit is always ‘1’ as RA3 is an input only
0x0205	0x158C      	BSF        TRISA, 3
;dial-indicator.c,58 :: 		TRISA.TRISA4=0;
0x0206	0x120C      	BCF        TRISA, 4
;dial-indicator.c,59 :: 		TRISA.TRISA5=1;
0x0207	0x168C      	BSF        TRISA, 5
;dial-indicator.c,62 :: 		ANSELA.ANSA0=1;              //ANSELA: PORTA ANALOG SELECT REGISTER: Pin 1 is analog
0x0208	0x0023      	MOVLB      3
0x0209	0x140C      	BSF        ANSELA, 0
;dial-indicator.c,63 :: 		ANSELA.ANSA1=1;
0x020A	0x148C      	BSF        ANSELA, 1
;dial-indicator.c,64 :: 		ANSELA.ANSA2=0;
0x020B	0x110C      	BCF        ANSELA, 2
;dial-indicator.c,65 :: 		ANSELA.ANSA4=0;
0x020C	0x120C      	BCF        ANSELA, 4
;dial-indicator.c,68 :: 		ADCON1.adcs0=0;           //ADCS<2:0>: A/D Conversion Clock Select bits
0x020D	0x0021      	MOVLB      1
0x020E	0x121E      	BCF        ADCON1, 4
;dial-indicator.c,69 :: 		ADCON1.adcs1=1;              //010 = FOSC/32
0x020F	0x169E      	BSF        ADCON1, 5
;dial-indicator.c,70 :: 		ADCON1.adcs2=0;
0x0210	0x131E      	BCF        ADCON1, 6
;dial-indicator.c,71 :: 		ADCON1.ADPREF0=0;         //ADPREF<1:0>: A/D Positive Voltage Reference Configuration bits
0x0211	0x101E      	BCF        ADCON1, 0
;dial-indicator.c,72 :: 		ADCON1.ADPREF1=0;            //00 = VREF+ is connected to AVDD
0x0212	0x109E      	BCF        ADCON1, 1
;dial-indicator.c,73 :: 		ADCON1.ADFM=0;            //ADFM: A/D Result Format Select bit, 0 = Left justified. Six Least Significant bits of ADRESL are set to ‘0’ when the conversion result is loaded.
0x0213	0x139E      	BCF        ADCON1, 7
;dial-indicator.c,74 :: 		ADCON1.ADCS0=0;           //ADCS<2:0>: A/D Conversion Clock Select bits
0x0214	0x121E      	BCF        ADCON1, 4
;dial-indicator.c,75 :: 		ADCON1.ADCS1=1;              //010 = FOSC/32
0x0215	0x169E      	BSF        ADCON1, 5
;dial-indicator.c,76 :: 		ADCON1.ADCS2=0;
0x0216	0x131E      	BCF        ADCON1, 6
;dial-indicator.c,77 :: 		ADCON1.ADPREF0=0;         //ADPREF<1:0>: A/D Positive Voltage Reference Configuration bits
0x0217	0x101E      	BCF        ADCON1, 0
;dial-indicator.c,78 :: 		ADCON1.ADPREF1=0;            //00 = VREF+ is connected to AVDD
0x0218	0x109E      	BCF        ADCON1, 1
;dial-indicator.c,80 :: 		ADCON0.ADON=1;           //ADON: ADC Enable bit, 1 = ADC is enabled
0x0219	0x141D      	BSF        ADCON0, 0
;dial-indicator.c,83 :: 		SPBRGL=12;
0x021A	0x300C      	MOVLW      12
0x021B	0x0023      	MOVLB      3
0x021C	0x009B      	MOVWF      SPBRGL
;dial-indicator.c,84 :: 		SPBRGH=0;
0x021D	0x019C      	CLRF       SPBRGH
;dial-indicator.c,85 :: 		TXSTA.BRGH=0;
0x021E	0x111E      	BCF        TXSTA, 2
;dial-indicator.c,86 :: 		TXSTA.SYNC=0;
0x021F	0x121E      	BCF        TXSTA, 4
;dial-indicator.c,87 :: 		BAUDCON.BRG16=0;
0x0220	0x119F      	BCF        BAUDCON, 3
;dial-indicator.c,88 :: 		APFCON.TXCKSEL=1;   //1 = TX/CK function is on RA4
0x0221	0x0022      	MOVLB      2
0x0222	0x151D      	BSF        APFCON, 2
;dial-indicator.c,89 :: 		RCSTA.SPEN=1;
0x0223	0x0023      	MOVLB      3
0x0224	0x179D      	BSF        RCSTA, 7
;dial-indicator.c,90 :: 		TXSTA.TXEN=1;
0x0225	0x169E      	BSF        TXSTA, 5
;dial-indicator.c,92 :: 		APFCON.RXDTSEL=1;   //1 = RX/DT function is on RA5
0x0226	0x0022      	MOVLB      2
0x0227	0x179D      	BSF        APFCON, 7
;dial-indicator.c,93 :: 		RCSTA.CREN=1;
0x0228	0x0023      	MOVLB      3
0x0229	0x161D      	BSF        RCSTA, 4
;dial-indicator.c,104 :: 		while(1){
L_main10:
;dial-indicator.c,106 :: 		bit_count=0;
0x022A	0x0020      	MOVLB      0
0x022B	0x01A4      	CLRF       _bit_count
;dial-indicator.c,107 :: 		timeout_counter=0;
0x022C	0x01A1      	CLRF       _timeout_counter
0x022D	0x01A2      	CLRF       _timeout_counter+1
;dial-indicator.c,108 :: 		data_word=0;
0x022E	0x01A9      	CLRF       _data_word
0x022F	0x01AA      	CLRF       _data_word+1
0x0230	0x01AB      	CLRF       _data_word+2
0x0231	0x01AC      	CLRF       _data_word+3
;dial-indicator.c,109 :: 		data_bit=0;
0x0232	0x01A5      	CLRF       _data_bit
0x0233	0x01A6      	CLRF       _data_bit+1
0x0234	0x01A7      	CLRF       _data_bit+2
0x0235	0x01A8      	CLRF       _data_bit+3
;dial-indicator.c,112 :: 		while(myADC(0) > 33);
L_main12:
0x0236	0x01B7      	CLRF       FARG_myADC_pin
0x0237	0x2011      	CALL       _myADC
0x0238	0x0871      	MOVF       R1, 0
0x0239	0x3C00      	SUBLW      0
0x023A	0x1D03      	BTFSS      STATUS, 2
0x023B	0x2A3E      	GOTO       L__main32
0x023C	0x0870      	MOVF       R0, 0
0x023D	0x3C21      	SUBLW      33
L__main32:
0x023E	0x1803      	BTFSC      STATUS, 0
0x023F	0x2A41      	GOTO       L_main13
0x0240	0x2A36      	GOTO       L_main12
L_main13:
;dial-indicator.c,115 :: 		while( bit_count < 24 && timeout_counter < 50 ){
L_main14:
0x0241	0x3018      	MOVLW      24
0x0242	0x0224      	SUBWF      _bit_count, 0
0x0243	0x1803      	BTFSC      STATUS, 0
0x0244	0x2A99      	GOTO       L_main15
0x0245	0x3000      	MOVLW      0
0x0246	0x0222      	SUBWF      _timeout_counter+1, 0
0x0247	0x1D03      	BTFSS      STATUS, 2
0x0248	0x2A4B      	GOTO       L__main33
0x0249	0x3032      	MOVLW      50
0x024A	0x0221      	SUBWF      _timeout_counter, 0
L__main33:
0x024B	0x1803      	BTFSC      STATUS, 0
0x024C	0x2A99      	GOTO       L_main15
L__main28:
;dial-indicator.c,116 :: 		clock=(myADC(0) > 33);
0x024D	0x01B7      	CLRF       FARG_myADC_pin
0x024E	0x2011      	CALL       _myADC
0x024F	0x0871      	MOVF       R1, 0
0x0250	0x3C00      	SUBLW      0
0x0251	0x1D03      	BTFSS      STATUS, 2
0x0252	0x2A55      	GOTO       L__main34
0x0253	0x0870      	MOVF       R0, 0
0x0254	0x3C21      	SUBLW      33
L__main34:
0x0255	0x3001      	MOVLW      1
0x0256	0x1803      	BTFSC      STATUS, 0
0x0257	0x3000      	MOVLW      0
0x0258	0x00F2      	MOVWF      R2
0x0259	0x0872      	MOVF       R2, 0
0x025A	0x00B6      	MOVWF      _clock
;dial-indicator.c,120 :: 		if(clock==1 && clock_lpv==0) {
0x025B	0x0872      	MOVF       R2, 0
0x025C	0x3A01      	XORLW      1
0x025D	0x1D03      	BTFSS      STATUS, 2
0x025E	0x2A93      	GOTO       L_main20
0x025F	0x0823      	MOVF       _clock_lpv, 0
0x0260	0x3A00      	XORLW      0
0x0261	0x1D03      	BTFSS      STATUS, 2
0x0262	0x2A93      	GOTO       L_main20
L__main27:
;dial-indicator.c,122 :: 		data_bit=(myADC(1)> 33);
0x0263	0x3001      	MOVLW      1
0x0264	0x00B7      	MOVWF      FARG_myADC_pin
0x0265	0x2011      	CALL       _myADC
0x0266	0x0871      	MOVF       R1, 0
0x0267	0x3C00      	SUBLW      0
0x0268	0x1D03      	BTFSS      STATUS, 2
0x0269	0x2A6C      	GOTO       L__main35
0x026A	0x0870      	MOVF       R0, 0
0x026B	0x3C21      	SUBLW      33
L__main35:
0x026C	0x3001      	MOVLW      1
0x026D	0x1803      	BTFSC      STATUS, 0
0x026E	0x3000      	MOVLW      0
0x026F	0x00A5      	MOVWF      _data_bit
0x0270	0x00A6      	MOVWF      _data_bit+1
0x0271	0x00A7      	MOVWF      _data_bit+2
0x0272	0x00A8      	MOVWF      _data_bit+3
0x0273	0x3000      	MOVLW      0
0x0274	0x00A6      	MOVWF      _data_bit+1
0x0275	0x00A7      	MOVWF      _data_bit+2
0x0276	0x00A8      	MOVWF      _data_bit+3
;dial-indicator.c,126 :: 		data_bit = data_bit << 24;
0x0277	0x0825      	MOVF       _data_bit, 0
0x0278	0x00F3      	MOVWF      R3
0x0279	0x01F0      	CLRF       R0
0x027A	0x01F1      	CLRF       R1
0x027B	0x01F2      	CLRF       R2
0x027C	0x0870      	MOVF       R0, 0
0x027D	0x00A5      	MOVWF      _data_bit
0x027E	0x0871      	MOVF       R1, 0
0x027F	0x00A6      	MOVWF      _data_bit+1
0x0280	0x0872      	MOVF       R2, 0
0x0281	0x00A7      	MOVWF      _data_bit+2
0x0282	0x0873      	MOVF       R3, 0
0x0283	0x00A8      	MOVWF      _data_bit+3
;dial-indicator.c,127 :: 		data_word = data_word + data_bit ;
0x0284	0x0870      	MOVF       R0, 0
0x0285	0x07A9      	ADDWF      _data_word, 1
0x0286	0x0871      	MOVF       R1, 0
0x0287	0x3DAA      	ADDWFC     _data_word+1, 1
0x0288	0x0872      	MOVF       R2, 0
0x0289	0x3DAB      	ADDWFC     _data_word+2, 1
0x028A	0x0873      	MOVF       R3, 0
0x028B	0x3DAC      	ADDWFC     _data_word+3, 1
;dial-indicator.c,128 :: 		data_word = data_word >> 1;
0x028C	0x36AC      	LSRF       _data_word+3, 1
0x028D	0x0CAB      	RRF        _data_word+2, 1
0x028E	0x0CAA      	RRF        _data_word+1, 1
0x028F	0x0CA9      	RRF        _data_word, 1
;dial-indicator.c,131 :: 		timeout_counter=0;
0x0290	0x01A1      	CLRF       _timeout_counter
0x0291	0x01A2      	CLRF       _timeout_counter+1
;dial-indicator.c,134 :: 		bit_count++;
0x0292	0x0AA4      	INCF       _bit_count, 1
;dial-indicator.c,137 :: 		}
L_main20:
;dial-indicator.c,140 :: 		timeout_counter++;
0x0293	0x0AA1      	INCF       _timeout_counter, 1
0x0294	0x1903      	BTFSC      STATUS, 2
0x0295	0x0AA2      	INCF       _timeout_counter+1, 1
;dial-indicator.c,144 :: 		clock_lpv=clock;
0x0296	0x0836      	MOVF       _clock, 0
0x0297	0x00A3      	MOVWF      _clock_lpv
;dial-indicator.c,145 :: 		}
0x0298	0x2A41      	GOTO       L_main14
L_main15:
;dial-indicator.c,146 :: 		if (bit_count==24){
0x0299	0x0824      	MOVF       _bit_count, 0
0x029A	0x3A18      	XORLW      24
0x029B	0x1D03      	BTFSS      STATUS, 2
0x029C	0x2B68      	GOTO       L_main21
;dial-indicator.c,148 :: 		measurement = data_word & 0b00000000000011111111111111111111;
0x029D	0x30FF      	MOVLW      255
0x029E	0x0529      	ANDWF      _data_word, 0
0x029F	0x00F5      	MOVWF      R5
0x02A0	0x30FF      	MOVLW      255
0x02A1	0x052A      	ANDWF      _data_word+1, 0
0x02A2	0x00F6      	MOVWF      R6
0x02A3	0x300F      	MOVLW      15
0x02A4	0x052B      	ANDWF      _data_word+2, 0
0x02A5	0x00F7      	MOVWF      R7
0x02A6	0x3000      	MOVLW      0
0x02A7	0x052C      	ANDWF      _data_word+3, 0
0x02A8	0x00F8      	MOVWF      R8
0x02A9	0x0875      	MOVF       R5, 0
0x02AA	0x00AE      	MOVWF      _measurement
0x02AB	0x0876      	MOVF       R6, 0
0x02AC	0x00AF      	MOVWF      _measurement+1
0x02AD	0x0877      	MOVF       R7, 0
0x02AE	0x00B0      	MOVWF      _measurement+2
0x02AF	0x0878      	MOVF       R8, 0
0x02B0	0x00B1      	MOVWF      _measurement+3
;dial-indicator.c,151 :: 		digit_05=measurement % 2;
0x02B1	0x3001      	MOVLW      1
0x02B2	0x0575      	ANDWF      R5, 0
0x02B3	0x00F0      	MOVWF      R0
0x02B4	0x0876      	MOVF       R6, 0
0x02B5	0x00F1      	MOVWF      R1
0x02B6	0x0877      	MOVF       R7, 0
0x02B7	0x00F2      	MOVWF      R2
0x02B8	0x0878      	MOVF       R8, 0
0x02B9	0x00F3      	MOVWF      R3
0x02BA	0x3000      	MOVLW      0
0x02BB	0x05F1      	ANDWF      R1, 1
0x02BC	0x05F2      	ANDWF      R2, 1
0x02BD	0x05F3      	ANDWF      R3, 1
0x02BE	0x0870      	MOVF       R0, 0
0x02BF	0x00AD      	MOVWF      _digit_05
;dial-indicator.c,152 :: 		measurement=measurement/2;
0x02C0	0x0875      	MOVF       R5, 0
0x02C1	0x00F0      	MOVWF      R0
0x02C2	0x0876      	MOVF       R6, 0
0x02C3	0x00F1      	MOVWF      R1
0x02C4	0x0877      	MOVF       R7, 0
0x02C5	0x00F2      	MOVWF      R2
0x02C6	0x0878      	MOVF       R8, 0
0x02C7	0x00F3      	MOVWF      R3
0x02C8	0x36F3      	LSRF       R3, 1
0x02C9	0x0CF2      	RRF        R2, 1
0x02CA	0x0CF1      	RRF        R1, 1
0x02CB	0x0CF0      	RRF        R0, 1
0x02CC	0x0870      	MOVF       R0, 0
0x02CD	0x00AE      	MOVWF      _measurement
0x02CE	0x0871      	MOVF       R1, 0
0x02CF	0x00AF      	MOVWF      _measurement+1
0x02D0	0x0872      	MOVF       R2, 0
0x02D1	0x00B0      	MOVWF      _measurement+2
0x02D2	0x0873      	MOVF       R3, 0
0x02D3	0x00B1      	MOVWF      _measurement+3
;dial-indicator.c,153 :: 		digits[0]=measurement/1000;
0x02D4	0x30E8      	MOVLW      232
0x02D5	0x00F4      	MOVWF      R4
0x02D6	0x3003      	MOVLW      3
0x02D7	0x00F5      	MOVWF      R5
0x02D8	0x01F6      	CLRF       R6
0x02D9	0x01F7      	CLRF       R7
0x02DA	0x2041      	CALL       _Div_32x32_U
0x02DB	0x0870      	MOVF       R0, 0
0x02DC	0x00B2      	MOVWF      _digits
;dial-indicator.c,154 :: 		measurement=measurement-1000*digits[0];
0x02DD	0x3000      	MOVLW      0
0x02DE	0x00F1      	MOVWF      R1
0x02DF	0x30E8      	MOVLW      232
0x02E0	0x00F4      	MOVWF      R4
0x02E1	0x3003      	MOVLW      3
0x02E2	0x00F5      	MOVWF      R5
0x02E3	0x21B8      	CALL       _Mul_16x16_U
0x02E4	0x082E      	MOVF       _measurement, 0
0x02E5	0x00F4      	MOVWF      R4
0x02E6	0x082F      	MOVF       _measurement+1, 0
0x02E7	0x00F5      	MOVWF      R5
0x02E8	0x0830      	MOVF       _measurement+2, 0
0x02E9	0x00F6      	MOVWF      R6
0x02EA	0x0831      	MOVF       _measurement+3, 0
0x02EB	0x00F7      	MOVWF      R7
0x02EC	0x0870      	MOVF       R0, 0
0x02ED	0x02F4      	SUBWF      R4, 1
0x02EE	0x0871      	MOVF       R1, 0
0x02EF	0x3BF5      	SUBWFB     R5, 1
0x02F0	0x3000      	MOVLW      0
0x02F1	0x1BF1      	BTFSC      R1, 7
0x02F2	0x30FF      	MOVLW      255
0x02F3	0x3BF6      	SUBWFB     R6, 1
0x02F4	0x3BF7      	SUBWFB     R7, 1
0x02F5	0x0874      	MOVF       R4, 0
0x02F6	0x00AE      	MOVWF      _measurement
0x02F7	0x0875      	MOVF       R5, 0
0x02F8	0x00AF      	MOVWF      _measurement+1
0x02F9	0x0876      	MOVF       R6, 0
0x02FA	0x00B0      	MOVWF      _measurement+2
0x02FB	0x0877      	MOVF       R7, 0
0x02FC	0x00B1      	MOVWF      _measurement+3
;dial-indicator.c,155 :: 		digits[1]=measurement/100;
0x02FD	0x0874      	MOVF       R4, 0
0x02FE	0x00F0      	MOVWF      R0
0x02FF	0x0875      	MOVF       R5, 0
0x0300	0x00F1      	MOVWF      R1
0x0301	0x0876      	MOVF       R6, 0
0x0302	0x00F2      	MOVWF      R2
0x0303	0x0877      	MOVF       R7, 0
0x0304	0x00F3      	MOVWF      R3
0x0305	0x3064      	MOVLW      100
0x0306	0x00F4      	MOVWF      R4
0x0307	0x01F5      	CLRF       R5
0x0308	0x01F6      	CLRF       R6
0x0309	0x01F7      	CLRF       R7
0x030A	0x2041      	CALL       _Div_32x32_U
0x030B	0x0870      	MOVF       R0, 0
0x030C	0x00B3      	MOVWF      _digits+1
;dial-indicator.c,156 :: 		measurement=measurement-100*digits[1];
0x030D	0x3064      	MOVLW      100
0x030E	0x00F4      	MOVWF      R4
0x030F	0x21E2      	CALL       _Mul_8x8_U
0x0310	0x082E      	MOVF       _measurement, 0
0x0311	0x00F4      	MOVWF      R4
0x0312	0x082F      	MOVF       _measurement+1, 0
0x0313	0x00F5      	MOVWF      R5
0x0314	0x0830      	MOVF       _measurement+2, 0
0x0315	0x00F6      	MOVWF      R6
0x0316	0x0831      	MOVF       _measurement+3, 0
0x0317	0x00F7      	MOVWF      R7
0x0318	0x0870      	MOVF       R0, 0
0x0319	0x02F4      	SUBWF      R4, 1
0x031A	0x0871      	MOVF       R1, 0
0x031B	0x3BF5      	SUBWFB     R5, 1
0x031C	0x3000      	MOVLW      0
0x031D	0x1BF1      	BTFSC      R1, 7
0x031E	0x30FF      	MOVLW      255
0x031F	0x3BF6      	SUBWFB     R6, 1
0x0320	0x3BF7      	SUBWFB     R7, 1
0x0321	0x0874      	MOVF       R4, 0
0x0322	0x00AE      	MOVWF      _measurement
0x0323	0x0875      	MOVF       R5, 0
0x0324	0x00AF      	MOVWF      _measurement+1
0x0325	0x0876      	MOVF       R6, 0
0x0326	0x00B0      	MOVWF      _measurement+2
0x0327	0x0877      	MOVF       R7, 0
0x0328	0x00B1      	MOVWF      _measurement+3
;dial-indicator.c,157 :: 		digits[2]=measurement/10;
0x0329	0x0874      	MOVF       R4, 0
0x032A	0x00F0      	MOVWF      R0
0x032B	0x0875      	MOVF       R5, 0
0x032C	0x00F1      	MOVWF      R1
0x032D	0x0876      	MOVF       R6, 0
0x032E	0x00F2      	MOVWF      R2
0x032F	0x0877      	MOVF       R7, 0
0x0330	0x00F3      	MOVWF      R3
0x0331	0x300A      	MOVLW      10
0x0332	0x00F4      	MOVWF      R4
0x0333	0x01F5      	CLRF       R5
0x0334	0x01F6      	CLRF       R6
0x0335	0x01F7      	CLRF       R7
0x0336	0x2041      	CALL       _Div_32x32_U
0x0337	0x0870      	MOVF       R0, 0
0x0338	0x00B4      	MOVWF      _digits+2
;dial-indicator.c,158 :: 		measurement=measurement-10*digits[2];
0x0339	0x300A      	MOVLW      10
0x033A	0x00F4      	MOVWF      R4
0x033B	0x21E2      	CALL       _Mul_8x8_U
0x033C	0x082E      	MOVF       _measurement, 0
0x033D	0x00F2      	MOVWF      R2
0x033E	0x082F      	MOVF       _measurement+1, 0
0x033F	0x00F3      	MOVWF      R3
0x0340	0x0830      	MOVF       _measurement+2, 0
0x0341	0x00F4      	MOVWF      R4
0x0342	0x0831      	MOVF       _measurement+3, 0
0x0343	0x00F5      	MOVWF      R5
0x0344	0x0870      	MOVF       R0, 0
0x0345	0x02F2      	SUBWF      R2, 1
0x0346	0x0871      	MOVF       R1, 0
0x0347	0x3BF3      	SUBWFB     R3, 1
0x0348	0x3000      	MOVLW      0
0x0349	0x1BF1      	BTFSC      R1, 7
0x034A	0x30FF      	MOVLW      255
0x034B	0x3BF4      	SUBWFB     R4, 1
0x034C	0x3BF5      	SUBWFB     R5, 1
0x034D	0x0872      	MOVF       R2, 0
0x034E	0x00AE      	MOVWF      _measurement
0x034F	0x0873      	MOVF       R3, 0
0x0350	0x00AF      	MOVWF      _measurement+1
0x0351	0x0874      	MOVF       R4, 0
0x0352	0x00B0      	MOVWF      _measurement+2
0x0353	0x0875      	MOVF       R5, 0
0x0354	0x00B1      	MOVWF      _measurement+3
;dial-indicator.c,159 :: 		digits[3]=measurement;
0x0355	0x0872      	MOVF       R2, 0
0x0356	0x00B5      	MOVWF      _digits+3
;dial-indicator.c,162 :: 		digits[0]+=0x30;
0x0357	0x3030      	MOVLW      48
0x0358	0x07B2      	ADDWF      _digits, 1
;dial-indicator.c,163 :: 		digits[1]+=0x30;
0x0359	0x3030      	MOVLW      48
0x035A	0x07B3      	ADDWF      _digits+1, 1
;dial-indicator.c,164 :: 		digits[2]+=0x30;
0x035B	0x3030      	MOVLW      48
0x035C	0x07B4      	ADDWF      _digits+2, 1
;dial-indicator.c,165 :: 		digits[3]+=0x30;
0x035D	0x3030      	MOVLW      48
0x035E	0x07B5      	ADDWF      _digits+3, 1
;dial-indicator.c,166 :: 		if (digit_05==1){
0x035F	0x082D      	MOVF       _digit_05, 0
0x0360	0x3A01      	XORLW      1
0x0361	0x1D03      	BTFSS      STATUS, 2
0x0362	0x2B66      	GOTO       L_main22
;dial-indicator.c,167 :: 		digit_05=0x35; //"5"
0x0363	0x3035      	MOVLW      53
0x0364	0x00AD      	MOVWF      _digit_05
;dial-indicator.c,168 :: 		}
0x0365	0x2B68      	GOTO       L_main23
L_main22:
;dial-indicator.c,170 :: 		digit_05=0x30; //"0"
0x0366	0x3030      	MOVLW      48
0x0367	0x00AD      	MOVWF      _digit_05
;dial-indicator.c,171 :: 		}
L_main23:
;dial-indicator.c,174 :: 		}
L_main21:
;dial-indicator.c,175 :: 		if(PIR1.RCIF){
0x0368	0x1E91      	BTFSS      PIR1, 5
0x0369	0x2B8B      	GOTO       L_main24
;dial-indicator.c,176 :: 		if(RCREG=='r'){
0x036A	0x0023      	MOVLB      3
0x036B	0x0819      	MOVF       RCREG, 0
0x036C	0x3A72      	XORLW      114
0x036D	0x1D03      	BTFSS      STATUS, 2
0x036E	0x2B8B      	GOTO       L_main25
;dial-indicator.c,178 :: 		sendChar(digits[0]);
0x036F	0x0020      	MOVLB      0
0x0370	0x0832      	MOVF       _digits, 0
0x0371	0x00B7      	MOVWF      FARG_sendChar_dataout
0x0372	0x2032      	CALL       _sendChar
;dial-indicator.c,179 :: 		sendChar('.');
0x0373	0x302E      	MOVLW      46
0x0374	0x0020      	MOVLB      0
0x0375	0x00B7      	MOVWF      FARG_sendChar_dataout
0x0376	0x2032      	CALL       _sendChar
;dial-indicator.c,180 :: 		sendChar(digits[1]);
0x0377	0x0020      	MOVLB      0
0x0378	0x0833      	MOVF       _digits+1, 0
0x0379	0x00B7      	MOVWF      FARG_sendChar_dataout
0x037A	0x2032      	CALL       _sendChar
;dial-indicator.c,181 :: 		sendChar(digits[2]);
0x037B	0x0020      	MOVLB      0
0x037C	0x0834      	MOVF       _digits+2, 0
0x037D	0x00B7      	MOVWF      FARG_sendChar_dataout
0x037E	0x2032      	CALL       _sendChar
;dial-indicator.c,182 :: 		sendChar(digits[3]);
0x037F	0x0020      	MOVLB      0
0x0380	0x0835      	MOVF       _digits+3, 0
0x0381	0x00B7      	MOVWF      FARG_sendChar_dataout
0x0382	0x2032      	CALL       _sendChar
;dial-indicator.c,183 :: 		sendChar(digit_05);
0x0383	0x0020      	MOVLB      0
0x0384	0x082D      	MOVF       _digit_05, 0
0x0385	0x00B7      	MOVWF      FARG_sendChar_dataout
0x0386	0x2032      	CALL       _sendChar
;dial-indicator.c,184 :: 		sendChar('\n');
0x0387	0x300A      	MOVLW      10
0x0388	0x0020      	MOVLB      0
0x0389	0x00B7      	MOVWF      FARG_sendChar_dataout
0x038A	0x2032      	CALL       _sendChar
;dial-indicator.c,185 :: 		}
L_main25:
;dial-indicator.c,186 :: 		}
L_main24:
0x038B	0x0023      	MOVLB      3
;dial-indicator.c,187 :: 		if(RCSTA.OERR){
0x038C	0x1C9D      	BTFSS      RCSTA, 1
0x038D	0x2B90      	GOTO       L_main26
;dial-indicator.c,188 :: 		RCSTA.CREN=0;
0x038E	0x121D      	BCF        RCSTA, 4
;dial-indicator.c,189 :: 		RCSTA.CREN=1;
0x038F	0x161D      	BSF        RCSTA, 4
;dial-indicator.c,190 :: 		}
L_main26:
;dial-indicator.c,192 :: 		}
0x0390	0x2A2A      	GOTO       L_main10
;dial-indicator.c,193 :: 		}
L_end_main:
0x0391	0x2B91      	GOTO       $+0
; end of _main
Symbol List:
//** Routines locations **
//ADDRESS    SIZE    PROCEDURE
//----------------------------------------------
0x0003       [5]    _Delay_10us
0x0008       [9]    ___CC2DW
0x0011      [33]    _myADC
0x0032      [15]    _sendChar
0x0041     [375]    _Div_32x32_U
0x01B8      [42]    _Mul_16x16_U
0x01E2      [24]    _Mul_8x8_U
0x01FA     [408]    _main
//** Variables locations ** 
//ADDRESS    SIZE    VARIABLE
//----------------------------------------------
0x0000       [1]    INDF0
0x0001       [1]    INDF1
0x0003       [1]    STATUS
0x0004       [1]    FSR0L
0x0005       [1]    FSR0H
0x0006       [1]    FSR1L
0x0007       [1]    FSR1H
0x000A       [1]    PCLATH
0x0011       [1]    PIR1
0x0020       [1]    ___math_tempb
0x0021       [2]    _timeout_counter
0x0023       [1]    _clock_lpv
0x0024       [1]    _bit_count
0x0025       [4]    _data_bit
0x0029       [4]    _data_word
0x002D       [1]    _digit_05
0x002E       [4]    _measurement
0x0032       [4]    _digits
0x0036       [1]    _clock
0x0037       [1]    FARG_sendChar_dataout
0x0037       [1]    FARG_myADC_pin
0x0038       [2]    myADC_adc_data_L0
0x0070       [1]    R0
0x0071       [1]    R1
0x0072       [1]    R2
0x0073       [1]    R3
0x0074       [1]    R4
0x0075       [1]    R5
0x0076       [1]    R6
0x0077       [1]    R7
0x0078       [1]    R8
0x0079       [1]    R9
0x007A       [1]    R10
0x007B       [1]    R11
0x007C       [1]    R12
0x007D       [1]    R13
0x007E       [1]    R14
0x007F       [1]    R15
0x008C       [1]    TRISA
0x0099       [1]    OSCCON
0x009C       [1]    ADRESH
0x009D       [1]    ADCON0
0x009E       [1]    ADCON1
0x011D       [1]    APFCON
0x018C       [1]    ANSELA
0x0199       [1]    RCREG
0x019A       [1]    TXREG
0x019B       [1]    SPBRGL
0x019C       [1]    SPBRGH
0x019D       [1]    RCSTA
0x019E       [1]    TXSTA
0x019F       [1]    BAUDCON
//** Label List: ** 
//----------------------------------------------
  L_sendChar0
  L_sendChar1
  L_sendChar2
  L_sendChar3
  L_sendChar4
  L_myADC5
  L_myADC6
  L_myADC7
  L_myADC8
  L_myADC9
  L_main10
  L_main11
  L_main12
  L_main13
  L_main14
  L_main15
  L_main16
  L_main17
  L_main18
  L_main19
  L_main20
  L_main21
  L_main22
  L_main23
  L_main24
  L_main25
  L_main26
  L__main27
  L__main28
  L_end_sendChar
  _sendChar
  L_end_myADC
  _myADC
  L_end_main
  _main
  L__main32
  L__main33
  L__main34
  L__main35
  L_Delay_10us0
  L_Delay_22us1
  L_Delay_50us2
  L_Delay_80us3
  L_Delay_500us4
  L_Delay_5500us5
  L_Delay_1ms6
  L_Delay_5ms7
  L_Delay_8ms8
  L_Delay_10ms9
  L_Delay_100ms10
  L_Delay_1sec11
  L_boot16_Delay_5ms12
  L_Delay_Cyc13
  L_Delay_Cyc14
  L_VDelay_ms15
  L_VDelay_ms16
  L_VDelay_ms17
  L_VDelay_Advanced_ms18
  L_VDelay_Advanced_ms19
  L_VDelay_Advanced_ms20
  L_end_Get_Fosc_kHz
  _Get_Fosc_kHz
  L_end_Delay_1us
  _Delay_1us
  L_end_Delay_10us
  _Delay_10us
  L_end_Delay_22us
  _Delay_22us
  L_end_Delay_50us
  _Delay_50us
  L_end_Delay_80us
  _Delay_80us
  L_end_Delay_500us
  _Delay_500us
  L_end_Delay_5500us
  _Delay_5500us
  L_end_Delay_1ms
  _Delay_1ms
  L_end_Delay_5ms
  _Delay_5ms
  L_end_Delay_8ms
  _Delay_8ms
  L_end_Delay_10ms
  _Delay_10ms
  L_end_Delay_100ms
  _Delay_100ms
  L_end_Delay_1sec
  _Delay_1sec
  L_end_boot16_Delay_5ms
  _boot16_Delay_5ms
  L_end_Delay_Cyc
  _Delay_Cyc
  L_end_VDelay_ms
  _VDelay_ms
  L__VDelay_ms38
  L__VDelay_ms39
  L__VDelay_ms40
  L_end_VDelay_Advanced_ms
  _VDelay_Advanced_ms
  L__VDelay_Advanced_ms42
  L__VDelay_Advanced_ms43
  L__VDelay_Advanced_ms44
  L_Div_16x16_S0
  L_Div_16x16_S1
  LOOPS3232A
  SADD22LA
  SOK22LA
  SADD22L8
  SOK22L8
  LOOPS3232B
  SADD22LB
  SOK22LB
  SADD22L16
  SOK22L16
  LOOPS3232C
  SADD22LC
  SOK22LC
  SADD22L24
  SOK22L24
  LOOPS3232D
  SADD22LD
  SOK22LD
  SOK22L
  L_Div_32x32_S6
  L_Div_32x32_S7
  L_Div_32x32_S8
  L_Div_32x32_S9
  FXD3232S
  END_ALL
  CA3232S
  C3232SX
  C3232SX1
  C3232S
  C3232S2
  C3232SX4
  C3232SOK
  C3232SX3
  C3232SX2
  avoid_comfrem
  LOOPU3232A
  UADD22LA
  UOK22LA
  UADD22L8
  UOK22L8
  LOOPU3232B
  UADD22LB
  UOK22LB
  UADD22L16
  UOK22L16
  LOOPU3232C
  UADD22LC
  UOK22LC
  UADD22L24
  UOK22L24
  LOOPU3232D
  UADD22LD
  UOK22LD
  UOK22L
  _NEXT
  _EXIT2
  _LOOP
  _EXIT1
  _IF_FIRST
  _IF_SECOND
  _INVERCE_FIRST
  _MULT
  _INBERSE_SECOND
  _EXIT
  L_end_Mul_8x8_U
  _Mul_8x8_U
  L_end_Mul_16x16_U
  _Mul_16x16_U
  L_end_Div_8x8_U
  _Div_8x8_U
  L_end_Div_16x16_U
  _Div_16x16_U
  L_end_Mul_8x8_S
  _Mul_8x8_S
  L_end_Mul_16x16_S
  _Mul_16x16_S
  L_end_Div_16x16_S_L
  _Div_16x16_S_L
  L_end_Div_16x16_S
  _Div_16x16_S
  L_end_Div_8x8_S
  _Div_8x8_S
  L_end_SDIV3232L
  _SDIV3232L
  L_end_COMFREM
  _COMFREM
  L_end_Div_32x32_S
  _Div_32x32_S
  L_end_Div_32x32_U
  _Div_32x32_U
  L_end_Mul_32x32_U
  _Mul_32x32_U
  L_end_Mul_32x32_S
  _Mul_32x32_S
  L_CA2A_Loop
  L_CA2AW_Loop
  L_CS2S_Loop
  L_CS2S_End
  L_FZinS_Loop
  L_FZinS_End
  _CC2D_Loop1
  _CC2DL_Loop1
  L_end_____DoIFC
  _____DoIFC
  L_end___CA2A
  ___CA2A
  L_end___CA2AW
  ___CA2AW
  L_end___CS2S
  ___CS2S
  L_end___FZinS
  ___FZinS
  L_end___CC2D
  ___CC2D
  L_end___CC2DW
  ___CC2DW
  L_end_Swap
  _Swap
